[0.044s] Invoking command in '/home/amaan/ros2_ws2/my_bot/build/my_bot': CMAKE_PREFIX_PATH=${CMAKE_PREFIX_PATH}:/home/amaan/robot_ws/install/path_smoothing_controller:/opt/ros/humble /usr/bin/cmake --build /home/amaan/ros2_ws2/my_bot/build/my_bot -- -j12 -l12
[0.281s] Invoked command in '/home/amaan/ros2_ws2/my_bot/build/my_bot' returned '0': CMAKE_PREFIX_PATH=${CMAKE_PREFIX_PATH}:/home/amaan/robot_ws/install/path_smoothing_controller:/opt/ros/humble /usr/bin/cmake --build /home/amaan/ros2_ws2/my_bot/build/my_bot -- -j12 -l12
[0.302s] Invoking command in '/home/amaan/ros2_ws2/my_bot/build/my_bot': CMAKE_PREFIX_PATH=${CMAKE_PREFIX_PATH}:/home/amaan/robot_ws/install/path_smoothing_controller:/opt/ros/humble /usr/bin/cmake --install /home/amaan/ros2_ws2/my_bot/build/my_bot
[0.312s] -- Install configuration: ""
[0.314s] -- Execute custom install script
[0.317s] -- Up-to-date symlink: /home/amaan/ros2_ws2/my_bot/install/my_bot/share/my_bot/config/bot.rviz
[0.317s] -- Up-to-date symlink: /home/amaan/ros2_ws2/my_bot/install/my_bot/share/my_bot/config/empty.yaml
[0.317s] -- Symlinking: /home/amaan/ros2_ws2/my_bot/install/my_bot/share/my_bot/config/mapper_params_online_async.yaml
[0.332s] -- Up-to-date symlink: /home/amaan/ros2_ws2/my_bot/install/my_bot/share/my_bot/config/my_controllers.yaml
[0.334s] -- Up-to-date symlink: /home/amaan/ros2_ws2/my_bot/install/my_bot/share/my_bot/description/gazebo_control.xacro
[0.334s] -- Up-to-date symlink: /home/amaan/ros2_ws2/my_bot/install/my_bot/share/my_bot/description/inertial_macros.xacro
[0.334s] -- Symlinking: /home/amaan/ros2_ws2/my_bot/install/my_bot/share/my_bot/description/lidar.xacro
[0.347s] -- Up-to-date symlink: /home/amaan/ros2_ws2/my_bot/install/my_bot/share/my_bot/description/robot.urdf.xacro
[0.348s] -- Up-to-date symlink: /home/amaan/ros2_ws2/my_bot/install/my_bot/share/my_bot/description/robot_core.xacro
[0.348s] -- Up-to-date symlink: /home/amaan/ros2_ws2/my_bot/install/my_bot/share/my_bot/description/ros2_control.xacro
[0.348s] -- Up-to-date symlink: /home/amaan/ros2_ws2/my_bot/install/my_bot/share/my_bot/launch/launch_sim.launch.py
[0.348s] -- Up-to-date symlink: /home/amaan/ros2_ws2/my_bot/install/my_bot/share/my_bot/launch/rsp.launch.py
[0.348s] -- Up-to-date symlink: /home/amaan/ros2_ws2/my_bot/install/my_bot/share/my_bot/worlds/empty.world
[0.349s] -- Up-to-date symlink: /home/amaan/ros2_ws2/my_bot/install/my_bot/share/ament_index/resource_index/package_run_dependencies/my_bot
[0.350s] -- Up-to-date symlink: /home/amaan/ros2_ws2/my_bot/install/my_bot/share/ament_index/resource_index/parent_prefix_path/my_bot
[0.350s] -- Up-to-date symlink: /home/amaan/ros2_ws2/my_bot/install/my_bot/share/my_bot/environment/ament_prefix_path.sh
[0.351s] -- Up-to-date symlink: /home/amaan/ros2_ws2/my_bot/install/my_bot/share/my_bot/environment/ament_prefix_path.dsv
[0.351s] -- Up-to-date symlink: /home/amaan/ros2_ws2/my_bot/install/my_bot/share/my_bot/environment/path.sh
[0.352s] -- Up-to-date symlink: /home/amaan/ros2_ws2/my_bot/install/my_bot/share/my_bot/environment/path.dsv
[0.352s] -- Up-to-date symlink: /home/amaan/ros2_ws2/my_bot/install/my_bot/share/my_bot/local_setup.bash
[0.352s] -- Up-to-date symlink: /home/amaan/ros2_ws2/my_bot/install/my_bot/share/my_bot/local_setup.sh
[0.353s] -- Up-to-date symlink: /home/amaan/ros2_ws2/my_bot/install/my_bot/share/my_bot/local_setup.zsh
[0.353s] -- Up-to-date symlink: /home/amaan/ros2_ws2/my_bot/install/my_bot/share/my_bot/local_setup.dsv
[0.353s] -- Symlinking: /home/amaan/ros2_ws2/my_bot/install/my_bot/share/my_bot/package.dsv
[0.369s] -- Up-to-date symlink: /home/amaan/ros2_ws2/my_bot/install/my_bot/share/ament_index/resource_index/packages/my_bot
[0.370s] -- Up-to-date symlink: /home/amaan/ros2_ws2/my_bot/install/my_bot/share/my_bot/cmake/my_botConfig.cmake
[0.371s] -- Up-to-date symlink: /home/amaan/ros2_ws2/my_bot/install/my_bot/share/my_bot/cmake/my_botConfig-version.cmake
[0.371s] -- Up-to-date symlink: /home/amaan/ros2_ws2/my_bot/install/my_bot/share/my_bot/package.xml
[0.375s] Invoked command in '/home/amaan/ros2_ws2/my_bot/build/my_bot' returned '0': CMAKE_PREFIX_PATH=${CMAKE_PREFIX_PATH}:/home/amaan/robot_ws/install/path_smoothing_controller:/opt/ros/humble /usr/bin/cmake --install /home/amaan/ros2_ws2/my_bot/build/my_bot
