[2.016s] DEBUG:colcon:Command line arguments: ['/usr/bin/colcon', 'build', '--symlink-install']
[2.016s] DEBUG:colcon:Parsed command line arguments: Namespace(log_base=None, log_level=None, verb_name='build', build_base='build', install_base='install', merge_install=False, symlink_install=True, test_result_base=None, continue_on_error=False, executor='parallel', parallel_workers=12, event_handlers=None, ignore_user_meta=False, metas=['./colcon.meta'], base_paths=['.'], packages_ignore=None, packages_ignore_regex=None, paths=None, packages_up_to=None, packages_up_to_regex=None, packages_above=None, packages_above_and_dependencies=None, packages_above_depth=None, packages_select_by_dep=None, packages_skip_by_dep=None, packages_skip_up_to=None, packages_select_build_failed=False, packages_skip_build_finished=False, packages_select_test_failures=False, packages_skip_test_passed=False, packages_select=None, packages_skip=None, packages_select_regex=None, packages_skip_regex=None, packages_start=None, packages_end=None, allow_overriding=[], cmake_args=None, cmake_target=None, cmake_target_skip_unavailable=False, cmake_clean_cache=False, cmake_clean_first=False, cmake_force_configure=False, ament_cmake_args=None, catkin_cmake_args=None, catkin_skip_building_tests=False, verb_parser=<colcon_defaults.argument_parser.defaults.DefaultArgumentsDecorator object at 0x7509ca34c760>, verb_extension=<colcon_core.verb.build.BuildVerb object at 0x7509ca34c3a0>, main=<bound method BuildVerb.main of <colcon_core.verb.build.BuildVerb object at 0x7509ca34c3a0>>)
[2.357s] Level 1:colcon.colcon_core.package_discovery:discover_packages(colcon_meta) check parameters
[2.357s] Level 1:colcon.colcon_core.package_discovery:discover_packages(recursive) check parameters
[2.357s] Level 1:colcon.colcon_core.package_discovery:discover_packages(ignore) check parameters
[2.357s] Level 1:colcon.colcon_core.package_discovery:discover_packages(path) check parameters
[2.357s] Level 1:colcon.colcon_core.package_discovery:discover_packages(colcon_meta) discover
[2.357s] Level 1:colcon.colcon_core.package_discovery:discover_packages(recursive) discover
[2.357s] INFO:colcon.colcon_core.package_discovery:Crawling recursively for packages in '/home/amaan/ros2_ws2/my_bot'
[2.357s] Level 1:colcon.colcon_core.package_identification:_identify(.) by extensions ['ignore', 'ignore_ament_install']
[2.358s] Level 1:colcon.colcon_core.package_identification:_identify(.) by extension 'ignore'
[2.358s] Level 1:colcon.colcon_core.package_identification:_identify(.) by extension 'ignore_ament_install'
[2.358s] Level 1:colcon.colcon_core.package_identification:_identify(.) by extensions ['colcon_pkg']
[2.358s] Level 1:colcon.colcon_core.package_identification:_identify(.) by extension 'colcon_pkg'
[2.358s] Level 1:colcon.colcon_core.package_identification:_identify(.) by extensions ['colcon_meta']
[2.358s] Level 1:colcon.colcon_core.package_identification:_identify(.) by extension 'colcon_meta'
[2.358s] Level 1:colcon.colcon_core.package_identification:_identify(.) by extensions ['ros']
[2.358s] Level 1:colcon.colcon_core.package_identification:_identify(.) by extension 'ros'
[2.395s] DEBUG:colcon.colcon_core.package_identification:Package '.' with type 'ros.ament_cmake' and name 'my_bot'
[2.395s] Level 1:colcon.colcon_core.package_discovery:discover_packages(recursive) using defaults
[2.395s] Level 1:colcon.colcon_core.package_discovery:discover_packages(ignore) discover
[2.395s] Level 1:colcon.colcon_core.package_discovery:discover_packages(ignore) using defaults
[2.395s] Level 1:colcon.colcon_core.package_discovery:discover_packages(path) discover
[2.395s] Level 1:colcon.colcon_core.package_discovery:discover_packages(path) using defaults
[2.438s] Level 1:colcon.colcon_core.package_discovery:discover_packages(prefix_path) check parameters
[2.438s] Level 1:colcon.colcon_core.package_discovery:discover_packages(prefix_path) discover
[2.440s] DEBUG:colcon.colcon_installed_package_information.package_discovery:Found 1 installed packages in /home/amaan/robot_ws/install
[2.444s] DEBUG:colcon.colcon_installed_package_information.package_discovery:Found 438 installed packages in /opt/ros/humble
[2.460s] Level 1:colcon.colcon_core.package_discovery:discover_packages(prefix_path) using defaults
[2.525s] Level 5:colcon.colcon_core.verb:set package 'my_bot' build argument 'cmake_args' from command line to 'None'
[2.525s] Level 5:colcon.colcon_core.verb:set package 'my_bot' build argument 'cmake_target' from command line to 'None'
[2.525s] Level 5:colcon.colcon_core.verb:set package 'my_bot' build argument 'cmake_target_skip_unavailable' from command line to 'False'
[2.525s] Level 5:colcon.colcon_core.verb:set package 'my_bot' build argument 'cmake_clean_cache' from command line to 'False'
[2.525s] Level 5:colcon.colcon_core.verb:set package 'my_bot' build argument 'cmake_clean_first' from command line to 'False'
[2.525s] Level 5:colcon.colcon_core.verb:set package 'my_bot' build argument 'cmake_force_configure' from command line to 'False'
[2.525s] Level 5:colcon.colcon_core.verb:set package 'my_bot' build argument 'ament_cmake_args' from command line to 'None'
[2.525s] Level 5:colcon.colcon_core.verb:set package 'my_bot' build argument 'catkin_cmake_args' from command line to 'None'
[2.525s] Level 5:colcon.colcon_core.verb:set package 'my_bot' build argument 'catkin_skip_building_tests' from command line to 'False'
[2.525s] DEBUG:colcon.colcon_core.verb:Building package 'my_bot' with the following arguments: {'ament_cmake_args': None, 'build_base': '/home/amaan/ros2_ws2/my_bot/build/my_bot', 'catkin_cmake_args': None, 'catkin_skip_building_tests': False, 'cmake_args': None, 'cmake_clean_cache': False, 'cmake_clean_first': False, 'cmake_force_configure': False, 'cmake_target': None, 'cmake_target_skip_unavailable': False, 'install_base': '/home/amaan/ros2_ws2/my_bot/install/my_bot', 'merge_install': False, 'path': '/home/amaan/ros2_ws2/my_bot', 'symlink_install': True, 'test_result_base': None}
[2.525s] INFO:colcon.colcon_core.executor:Executing jobs using 'parallel' executor
[2.527s] DEBUG:colcon.colcon_parallel_executor.executor.parallel:run_until_complete
[2.527s] INFO:colcon.colcon_ros.task.ament_cmake.build:Building ROS package in '/home/amaan/ros2_ws2/my_bot' with build type 'ament_cmake'
[2.527s] INFO:colcon.colcon_cmake.task.cmake.build:Building CMake package in '/home/amaan/ros2_ws2/my_bot'
[2.534s] INFO:colcon.colcon_core.plugin_system:Skipping extension 'colcon_core.shell.bat': Not used on non-Windows systems
[2.534s] INFO:colcon.colcon_core.shell:Skip shell extension 'powershell' for command environment: Not usable outside of PowerShell
[2.534s] DEBUG:colcon.colcon_core.shell:Skip shell extension 'dsv' for command environment
[2.560s] DEBUG:colcon.colcon_core.event_handler.log_command:Invoking command in '/home/amaan/ros2_ws2/my_bot/build/my_bot': CMAKE_PREFIX_PATH=/home/amaan/robot_ws/install/path_smoothing_controller:/opt/ros/humble /usr/bin/cmake /home/amaan/ros2_ws2/my_bot -DAMENT_CMAKE_SYMLINK_INSTALL=1 -DCMAKE_INSTALL_PREFIX=/home/amaan/ros2_ws2/my_bot/install/my_bot
[7.089s] DEBUG:colcon.colcon_core.event_handler.log_command:Invoked command in '/home/amaan/ros2_ws2/my_bot/build/my_bot' returned '0': CMAKE_PREFIX_PATH=/home/amaan/robot_ws/install/path_smoothing_controller:/opt/ros/humble /usr/bin/cmake /home/amaan/ros2_ws2/my_bot -DAMENT_CMAKE_SYMLINK_INSTALL=1 -DCMAKE_INSTALL_PREFIX=/home/amaan/ros2_ws2/my_bot/install/my_bot
[7.093s] DEBUG:colcon.colcon_core.event_handler.log_command:Invoking command in '/home/amaan/ros2_ws2/my_bot/build/my_bot': CMAKE_PREFIX_PATH=/home/amaan/robot_ws/install/path_smoothing_controller:/opt/ros/humble /usr/bin/cmake --build /home/amaan/ros2_ws2/my_bot/build/my_bot -- -j12 -l12
[7.148s] DEBUG:colcon.colcon_core.event_handler.log_command:Invoked command in '/home/amaan/ros2_ws2/my_bot/build/my_bot' returned '0': CMAKE_PREFIX_PATH=/home/amaan/robot_ws/install/path_smoothing_controller:/opt/ros/humble /usr/bin/cmake --build /home/amaan/ros2_ws2/my_bot/build/my_bot -- -j12 -l12
[7.163s] DEBUG:colcon.colcon_core.event_handler.log_command:Invoking command in '/home/amaan/ros2_ws2/my_bot/build/my_bot': CMAKE_PREFIX_PATH=/home/amaan/robot_ws/install/path_smoothing_controller:/opt/ros/humble /usr/bin/cmake --install /home/amaan/ros2_ws2/my_bot/build/my_bot
[7.512s] Level 1:colcon.colcon_core.environment:create_environment_scripts_only(my_bot)
[7.512s] DEBUG:colcon.colcon_core.event_handler.log_command:Invoked command in '/home/amaan/ros2_ws2/my_bot/build/my_bot' returned '0': CMAKE_PREFIX_PATH=/home/amaan/robot_ws/install/path_smoothing_controller:/opt/ros/humble /usr/bin/cmake --install /home/amaan/ros2_ws2/my_bot/build/my_bot
[7.517s] Level 1:colcon.colcon_core.environment:checking '/home/amaan/ros2_ws2/my_bot/install/my_bot' for CMake module files
[7.518s] Level 1:colcon.colcon_core.environment:checking '/home/amaan/ros2_ws2/my_bot/install/my_bot' for CMake config files
[7.518s] Level 1:colcon.colcon_core.shell:create_environment_hook('my_bot', 'cmake_prefix_path')
[7.518s] INFO:colcon.colcon_core.shell:Creating environment hook '/home/amaan/ros2_ws2/my_bot/install/my_bot/share/my_bot/hook/cmake_prefix_path.ps1'
[7.520s] INFO:colcon.colcon_core.shell:Creating environment descriptor '/home/amaan/ros2_ws2/my_bot/install/my_bot/share/my_bot/hook/cmake_prefix_path.dsv'
[7.521s] INFO:colcon.colcon_core.shell:Creating environment hook '/home/amaan/ros2_ws2/my_bot/install/my_bot/share/my_bot/hook/cmake_prefix_path.sh'
[7.523s] Level 1:colcon.colcon_core.environment:checking '/home/amaan/ros2_ws2/my_bot/install/my_bot/bin'
[7.523s] Level 1:colcon.colcon_core.environment:checking '/home/amaan/ros2_ws2/my_bot/install/my_bot/lib/pkgconfig/my_bot.pc'
[7.523s] Level 1:colcon.colcon_core.environment:checking '/home/amaan/ros2_ws2/my_bot/install/my_bot/lib/python3.10/site-packages'
[7.523s] Level 1:colcon.colcon_core.environment:checking '/home/amaan/ros2_ws2/my_bot/install/my_bot/bin'
[7.523s] INFO:colcon.colcon_core.shell:Creating package script '/home/amaan/ros2_ws2/my_bot/install/my_bot/share/my_bot/package.ps1'
[7.524s] INFO:colcon.colcon_core.shell:Creating package descriptor '/home/amaan/ros2_ws2/my_bot/install/my_bot/share/my_bot/package.dsv'
[7.525s] INFO:colcon.colcon_core.shell:Creating package script '/home/amaan/ros2_ws2/my_bot/install/my_bot/share/my_bot/package.sh'
[7.527s] INFO:colcon.colcon_core.shell:Creating package script '/home/amaan/ros2_ws2/my_bot/install/my_bot/share/my_bot/package.bash'
[7.528s] INFO:colcon.colcon_core.shell:Creating package script '/home/amaan/ros2_ws2/my_bot/install/my_bot/share/my_bot/package.zsh'
[7.529s] Level 1:colcon.colcon_core.environment:create_file_with_runtime_dependencies(/home/amaan/ros2_ws2/my_bot/install/my_bot/share/colcon-core/packages/my_bot)
[7.531s] Level 1:colcon.colcon_core.environment:create_environment_scripts_only(my_bot)
[7.532s] Level 1:colcon.colcon_core.environment:checking '/home/amaan/ros2_ws2/my_bot/install/my_bot' for CMake module files
[7.532s] Level 1:colcon.colcon_core.environment:checking '/home/amaan/ros2_ws2/my_bot/install/my_bot' for CMake config files
[7.532s] Level 1:colcon.colcon_core.shell:create_environment_hook('my_bot', 'cmake_prefix_path')
[7.533s] INFO:colcon.colcon_core.shell:Creating environment hook '/home/amaan/ros2_ws2/my_bot/install/my_bot/share/my_bot/hook/cmake_prefix_path.ps1'
[7.533s] INFO:colcon.colcon_core.shell:Creating environment descriptor '/home/amaan/ros2_ws2/my_bot/install/my_bot/share/my_bot/hook/cmake_prefix_path.dsv'
[7.534s] INFO:colcon.colcon_core.shell:Creating environment hook '/home/amaan/ros2_ws2/my_bot/install/my_bot/share/my_bot/hook/cmake_prefix_path.sh'
[7.534s] Level 1:colcon.colcon_core.environment:checking '/home/amaan/ros2_ws2/my_bot/install/my_bot/bin'
[7.534s] Level 1:colcon.colcon_core.environment:checking '/home/amaan/ros2_ws2/my_bot/install/my_bot/lib/pkgconfig/my_bot.pc'
[7.535s] Level 1:colcon.colcon_core.environment:checking '/home/amaan/ros2_ws2/my_bot/install/my_bot/lib/python3.10/site-packages'
[7.535s] Level 1:colcon.colcon_core.environment:checking '/home/amaan/ros2_ws2/my_bot/install/my_bot/bin'
[7.535s] INFO:colcon.colcon_core.shell:Creating package script '/home/amaan/ros2_ws2/my_bot/install/my_bot/share/my_bot/package.ps1'
[7.536s] INFO:colcon.colcon_core.shell:Creating package descriptor '/home/amaan/ros2_ws2/my_bot/install/my_bot/share/my_bot/package.dsv'
[7.536s] INFO:colcon.colcon_core.shell:Creating package script '/home/amaan/ros2_ws2/my_bot/install/my_bot/share/my_bot/package.sh'
[7.537s] INFO:colcon.colcon_core.shell:Creating package script '/home/amaan/ros2_ws2/my_bot/install/my_bot/share/my_bot/package.bash'
[7.537s] INFO:colcon.colcon_core.shell:Creating package script '/home/amaan/ros2_ws2/my_bot/install/my_bot/share/my_bot/package.zsh'
[7.538s] Level 1:colcon.colcon_core.environment:create_file_with_runtime_dependencies(/home/amaan/ros2_ws2/my_bot/install/my_bot/share/colcon-core/packages/my_bot)
[7.538s] DEBUG:colcon.colcon_parallel_executor.executor.parallel:closing loop
[7.538s] DEBUG:colcon.colcon_parallel_executor.executor.parallel:loop closed
[7.539s] DEBUG:colcon.colcon_parallel_executor.executor.parallel:run_until_complete finished with '0'
[7.539s] DEBUG:colcon.colcon_core.event_reactor:joining thread
[7.672s] INFO:colcon.colcon_core.plugin_system:Skipping extension 'colcon_notification.desktop_notification.notify_send': Could not find 'notify-send'
[7.672s] INFO:colcon.colcon_core.plugin_system:Skipping extension 'colcon_notification.desktop_notification.terminal_notifier': Not used on non-Darwin systems
[7.672s] INFO:colcon.colcon_core.plugin_system:Skipping extension 'colcon_notification.desktop_notification.win32': Not used on non-Windows systems
[7.672s] INFO:colcon.colcon_notification.desktop_notification:Sending desktop notification using 'notify2'
[7.673s] DEBUG:colcon.colcon_notification.desktop_notification.notify2:Failed to initialize notify2: org.freedesktop.DBus.Error.FileNotFound: Failed to connect to socket /run/user/1000/bus: No such file or directory
[7.674s] DEBUG:colcon.colcon_core.event_reactor:joined thread
[7.674s] INFO:colcon.colcon_core.shell:Creating prefix script '/home/amaan/ros2_ws2/my_bot/install/local_setup.ps1'
[7.676s] INFO:colcon.colcon_core.shell:Creating prefix util module '/home/amaan/ros2_ws2/my_bot/install/_local_setup_util_ps1.py'
[7.679s] INFO:colcon.colcon_core.shell:Creating prefix chain script '/home/amaan/ros2_ws2/my_bot/install/setup.ps1'
[7.682s] INFO:colcon.colcon_core.shell:Creating prefix script '/home/amaan/ros2_ws2/my_bot/install/local_setup.sh'
[7.683s] INFO:colcon.colcon_core.shell:Creating prefix util module '/home/amaan/ros2_ws2/my_bot/install/_local_setup_util_sh.py'
[7.684s] INFO:colcon.colcon_core.shell:Creating prefix chain script '/home/amaan/ros2_ws2/my_bot/install/setup.sh'
[7.687s] INFO:colcon.colcon_core.shell:Creating prefix script '/home/amaan/ros2_ws2/my_bot/install/local_setup.bash'
[7.688s] INFO:colcon.colcon_core.shell:Creating prefix chain script '/home/amaan/ros2_ws2/my_bot/install/setup.bash'
[7.690s] INFO:colcon.colcon_core.shell:Creating prefix script '/home/amaan/ros2_ws2/my_bot/install/local_setup.zsh'
[7.691s] INFO:colcon.colcon_core.shell:Creating prefix chain script '/home/amaan/ros2_ws2/my_bot/install/setup.zsh'
