[0.395s] DEBUG:colcon:Command line arguments: ['/usr/bin/colcon', 'build', '--symlink-install']
[0.395s] DEBUG:colcon:Parsed command line arguments: Namespace(log_base=None, log_level=None, verb_name='build', build_base='build', install_base='install', merge_install=False, symlink_install=True, test_result_base=None, continue_on_error=False, executor='parallel', parallel_workers=12, event_handlers=None, ignore_user_meta=False, metas=['./colcon.meta'], base_paths=['.'], packages_ignore=None, packages_ignore_regex=None, paths=None, packages_up_to=None, packages_up_to_regex=None, packages_above=None, packages_above_and_dependencies=None, packages_above_depth=None, packages_select_by_dep=None, packages_skip_by_dep=None, packages_skip_up_to=None, packages_select_build_failed=False, packages_skip_build_finished=False, packages_select_test_failures=False, packages_skip_test_passed=False, packages_select=None, packages_skip=None, packages_select_regex=None, packages_skip_regex=None, packages_start=None, packages_end=None, allow_overriding=[], cmake_args=None, cmake_target=None, cmake_target_skip_unavailable=False, cmake_clean_cache=False, cmake_clean_first=False, cmake_force_configure=False, ament_cmake_args=None, catkin_cmake_args=None, catkin_skip_building_tests=False, verb_parser=<colcon_defaults.argument_parser.defaults.DefaultArgumentsDecorator object at 0x7782e9248760>, verb_extension=<colcon_core.verb.build.BuildVerb object at 0x7782e92483a0>, main=<bound method BuildVerb.main of <colcon_core.verb.build.BuildVerb object at 0x7782e92483a0>>)
[0.589s] Level 1:colcon.colcon_core.package_discovery:discover_packages(colcon_meta) check parameters
[0.589s] Level 1:colcon.colcon_core.package_discovery:discover_packages(recursive) check parameters
[0.589s] Level 1:colcon.colcon_core.package_discovery:discover_packages(ignore) check parameters
[0.590s] Level 1:colcon.colcon_core.package_discovery:discover_packages(path) check parameters
[0.590s] Level 1:colcon.colcon_core.package_discovery:discover_packages(colcon_meta) discover
[0.590s] Level 1:colcon.colcon_core.package_discovery:discover_packages(recursive) discover
[0.590s] INFO:colcon.colcon_core.package_discovery:Crawling recursively for packages in '/home/amaan/ros2_ws2/my_bot'
[0.590s] Level 1:colcon.colcon_core.package_identification:_identify(.) by extensions ['ignore', 'ignore_ament_install']
[0.590s] Level 1:colcon.colcon_core.package_identification:_identify(.) by extension 'ignore'
[0.590s] Level 1:colcon.colcon_core.package_identification:_identify(.) by extension 'ignore_ament_install'
[0.590s] Level 1:colcon.colcon_core.package_identification:_identify(.) by extensions ['colcon_pkg']
[0.590s] Level 1:colcon.colcon_core.package_identification:_identify(.) by extension 'colcon_pkg'
[0.590s] Level 1:colcon.colcon_core.package_identification:_identify(.) by extensions ['colcon_meta']
[0.590s] Level 1:colcon.colcon_core.package_identification:_identify(.) by extension 'colcon_meta'
[0.590s] Level 1:colcon.colcon_core.package_identification:_identify(.) by extensions ['ros']
[0.590s] Level 1:colcon.colcon_core.package_identification:_identify(.) by extension 'ros'
[0.610s] DEBUG:colcon.colcon_core.package_identification:Package '.' with type 'ros.ament_cmake' and name 'my_bot'
[0.610s] Level 1:colcon.colcon_core.package_discovery:discover_packages(recursive) using defaults
[0.610s] Level 1:colcon.colcon_core.package_discovery:discover_packages(ignore) discover
[0.610s] Level 1:colcon.colcon_core.package_discovery:discover_packages(ignore) using defaults
[0.610s] Level 1:colcon.colcon_core.package_discovery:discover_packages(path) discover
[0.610s] Level 1:colcon.colcon_core.package_discovery:discover_packages(path) using defaults
[0.633s] Level 1:colcon.colcon_core.package_discovery:discover_packages(prefix_path) check parameters
[0.633s] Level 1:colcon.colcon_core.package_discovery:discover_packages(prefix_path) discover
[0.635s] DEBUG:colcon.colcon_installed_package_information.package_discovery:Found 1 installed packages in /home/amaan/ros2_ws2/my_bot/install
[0.636s] DEBUG:colcon.colcon_installed_package_information.package_discovery:Found 1 installed packages in /home/amaan/robot_ws/install
[0.638s] DEBUG:colcon.colcon_installed_package_information.package_discovery:Found 438 installed packages in /opt/ros/humble
[0.659s] Level 1:colcon.colcon_core.package_discovery:discover_packages(prefix_path) using defaults
[0.736s] Level 5:colcon.colcon_core.verb:set package 'my_bot' build argument 'cmake_args' from command line to 'None'
[0.736s] Level 5:colcon.colcon_core.verb:set package 'my_bot' build argument 'cmake_target' from command line to 'None'
[0.736s] Level 5:colcon.colcon_core.verb:set package 'my_bot' build argument 'cmake_target_skip_unavailable' from command line to 'False'
[0.736s] Level 5:colcon.colcon_core.verb:set package 'my_bot' build argument 'cmake_clean_cache' from command line to 'False'
[0.736s] Level 5:colcon.colcon_core.verb:set package 'my_bot' build argument 'cmake_clean_first' from command line to 'False'
[0.736s] Level 5:colcon.colcon_core.verb:set package 'my_bot' build argument 'cmake_force_configure' from command line to 'False'
[0.736s] Level 5:colcon.colcon_core.verb:set package 'my_bot' build argument 'ament_cmake_args' from command line to 'None'
[0.736s] Level 5:colcon.colcon_core.verb:set package 'my_bot' build argument 'catkin_cmake_args' from command line to 'None'
[0.736s] Level 5:colcon.colcon_core.verb:set package 'my_bot' build argument 'catkin_skip_building_tests' from command line to 'False'
[0.736s] DEBUG:colcon.colcon_core.verb:Building package 'my_bot' with the following arguments: {'ament_cmake_args': None, 'build_base': '/home/amaan/ros2_ws2/my_bot/build/my_bot', 'catkin_cmake_args': None, 'catkin_skip_building_tests': False, 'cmake_args': None, 'cmake_clean_cache': False, 'cmake_clean_first': False, 'cmake_force_configure': False, 'cmake_target': None, 'cmake_target_skip_unavailable': False, 'install_base': '/home/amaan/ros2_ws2/my_bot/install/my_bot', 'merge_install': False, 'path': '/home/amaan/ros2_ws2/my_bot', 'symlink_install': True, 'test_result_base': None}
[0.737s] INFO:colcon.colcon_core.executor:Executing jobs using 'parallel' executor
[0.739s] DEBUG:colcon.colcon_parallel_executor.executor.parallel:run_until_complete
[0.739s] INFO:colcon.colcon_ros.task.ament_cmake.build:Building ROS package in '/home/amaan/ros2_ws2/my_bot' with build type 'ament_cmake'
[0.740s] INFO:colcon.colcon_cmake.task.cmake.build:Building CMake package in '/home/amaan/ros2_ws2/my_bot'
[0.743s] INFO:colcon.colcon_core.plugin_system:Skipping extension 'colcon_core.shell.bat': Not used on non-Windows systems
[0.743s] INFO:colcon.colcon_core.shell:Skip shell extension 'powershell' for command environment: Not usable outside of PowerShell
[0.743s] DEBUG:colcon.colcon_core.shell:Skip shell extension 'dsv' for command environment
[0.763s] DEBUG:colcon.colcon_core.event_handler.log_command:Invoking command in '/home/amaan/ros2_ws2/my_bot/build/my_bot': CMAKE_PREFIX_PATH=${CMAKE_PREFIX_PATH}:/home/amaan/robot_ws/install/path_smoothing_controller:/opt/ros/humble /usr/bin/cmake --build /home/amaan/ros2_ws2/my_bot/build/my_bot -- -j12 -l12
[0.830s] DEBUG:colcon.colcon_core.event_handler.log_command:Invoked command in '/home/amaan/ros2_ws2/my_bot/build/my_bot' returned '0': CMAKE_PREFIX_PATH=${CMAKE_PREFIX_PATH}:/home/amaan/robot_ws/install/path_smoothing_controller:/opt/ros/humble /usr/bin/cmake --build /home/amaan/ros2_ws2/my_bot/build/my_bot -- -j12 -l12
[0.845s] DEBUG:colcon.colcon_core.event_handler.log_command:Invoking command in '/home/amaan/ros2_ws2/my_bot/build/my_bot': CMAKE_PREFIX_PATH=${CMAKE_PREFIX_PATH}:/home/amaan/robot_ws/install/path_smoothing_controller:/opt/ros/humble /usr/bin/cmake --install /home/amaan/ros2_ws2/my_bot/build/my_bot
[0.886s] Level 1:colcon.colcon_core.environment:create_environment_scripts_only(my_bot)
[0.887s] DEBUG:colcon.colcon_core.event_handler.log_command:Invoked command in '/home/amaan/ros2_ws2/my_bot/build/my_bot' returned '0': CMAKE_PREFIX_PATH=${CMAKE_PREFIX_PATH}:/home/amaan/robot_ws/install/path_smoothing_controller:/opt/ros/humble /usr/bin/cmake --install /home/amaan/ros2_ws2/my_bot/build/my_bot
[0.890s] Level 1:colcon.colcon_core.environment:checking '/home/amaan/ros2_ws2/my_bot/install/my_bot' for CMake module files
[0.891s] Level 1:colcon.colcon_core.environment:checking '/home/amaan/ros2_ws2/my_bot/install/my_bot' for CMake config files
[0.892s] Level 1:colcon.colcon_core.shell:create_environment_hook('my_bot', 'cmake_prefix_path')
[0.893s] INFO:colcon.colcon_core.shell:Creating environment hook '/home/amaan/ros2_ws2/my_bot/install/my_bot/share/my_bot/hook/cmake_prefix_path.ps1'
[0.894s] INFO:colcon.colcon_core.shell:Creating environment descriptor '/home/amaan/ros2_ws2/my_bot/install/my_bot/share/my_bot/hook/cmake_prefix_path.dsv'
[0.895s] INFO:colcon.colcon_core.shell:Creating environment hook '/home/amaan/ros2_ws2/my_bot/install/my_bot/share/my_bot/hook/cmake_prefix_path.sh'
[0.897s] Level 1:colcon.colcon_core.environment:checking '/home/amaan/ros2_ws2/my_bot/install/my_bot/bin'
[0.898s] Level 1:colcon.colcon_core.environment:checking '/home/amaan/ros2_ws2/my_bot/install/my_bot/lib/pkgconfig/my_bot.pc'
[0.898s] Level 1:colcon.colcon_core.environment:checking '/home/amaan/ros2_ws2/my_bot/install/my_bot/lib/python3.10/site-packages'
[0.899s] Level 1:colcon.colcon_core.environment:checking '/home/amaan/ros2_ws2/my_bot/install/my_bot/bin'
[0.900s] INFO:colcon.colcon_core.shell:Creating package script '/home/amaan/ros2_ws2/my_bot/install/my_bot/share/my_bot/package.ps1'
[0.901s] INFO:colcon.colcon_core.shell:Creating package descriptor '/home/amaan/ros2_ws2/my_bot/install/my_bot/share/my_bot/package.dsv'
[0.903s] INFO:colcon.colcon_core.shell:Creating package script '/home/amaan/ros2_ws2/my_bot/install/my_bot/share/my_bot/package.sh'
[0.904s] INFO:colcon.colcon_core.shell:Creating package script '/home/amaan/ros2_ws2/my_bot/install/my_bot/share/my_bot/package.bash'
[0.906s] INFO:colcon.colcon_core.shell:Creating package script '/home/amaan/ros2_ws2/my_bot/install/my_bot/share/my_bot/package.zsh'
[0.907s] Level 1:colcon.colcon_core.environment:create_file_with_runtime_dependencies(/home/amaan/ros2_ws2/my_bot/install/my_bot/share/colcon-core/packages/my_bot)
[0.909s] Level 1:colcon.colcon_core.environment:create_environment_scripts_only(my_bot)
[0.909s] Level 1:colcon.colcon_core.environment:checking '/home/amaan/ros2_ws2/my_bot/install/my_bot' for CMake module files
[0.910s] Level 1:colcon.colcon_core.environment:checking '/home/amaan/ros2_ws2/my_bot/install/my_bot' for CMake config files
[0.910s] Level 1:colcon.colcon_core.shell:create_environment_hook('my_bot', 'cmake_prefix_path')
[0.911s] INFO:colcon.colcon_core.shell:Creating environment hook '/home/amaan/ros2_ws2/my_bot/install/my_bot/share/my_bot/hook/cmake_prefix_path.ps1'
[0.912s] INFO:colcon.colcon_core.shell:Creating environment descriptor '/home/amaan/ros2_ws2/my_bot/install/my_bot/share/my_bot/hook/cmake_prefix_path.dsv'
[0.913s] INFO:colcon.colcon_core.shell:Creating environment hook '/home/amaan/ros2_ws2/my_bot/install/my_bot/share/my_bot/hook/cmake_prefix_path.sh'
[0.915s] Level 1:colcon.colcon_core.environment:checking '/home/amaan/ros2_ws2/my_bot/install/my_bot/bin'
[0.915s] Level 1:colcon.colcon_core.environment:checking '/home/amaan/ros2_ws2/my_bot/install/my_bot/lib/pkgconfig/my_bot.pc'
[0.915s] Level 1:colcon.colcon_core.environment:checking '/home/amaan/ros2_ws2/my_bot/install/my_bot/lib/python3.10/site-packages'
[0.915s] Level 1:colcon.colcon_core.environment:checking '/home/amaan/ros2_ws2/my_bot/install/my_bot/bin'
[0.916s] INFO:colcon.colcon_core.shell:Creating package script '/home/amaan/ros2_ws2/my_bot/install/my_bot/share/my_bot/package.ps1'
[0.917s] INFO:colcon.colcon_core.shell:Creating package descriptor '/home/amaan/ros2_ws2/my_bot/install/my_bot/share/my_bot/package.dsv'
[0.918s] INFO:colcon.colcon_core.shell:Creating package script '/home/amaan/ros2_ws2/my_bot/install/my_bot/share/my_bot/package.sh'
[0.918s] INFO:colcon.colcon_core.shell:Creating package script '/home/amaan/ros2_ws2/my_bot/install/my_bot/share/my_bot/package.bash'
[0.919s] INFO:colcon.colcon_core.shell:Creating package script '/home/amaan/ros2_ws2/my_bot/install/my_bot/share/my_bot/package.zsh'
[0.920s] Level 1:colcon.colcon_core.environment:create_file_with_runtime_dependencies(/home/amaan/ros2_ws2/my_bot/install/my_bot/share/colcon-core/packages/my_bot)
[0.921s] DEBUG:colcon.colcon_parallel_executor.executor.parallel:closing loop
[0.922s] DEBUG:colcon.colcon_parallel_executor.executor.parallel:loop closed
[0.922s] DEBUG:colcon.colcon_parallel_executor.executor.parallel:run_until_complete finished with '0'
[0.922s] DEBUG:colcon.colcon_core.event_reactor:joining thread
[1.085s] INFO:colcon.colcon_core.plugin_system:Skipping extension 'colcon_notification.desktop_notification.notify_send': Could not find 'notify-send'
[1.085s] INFO:colcon.colcon_core.plugin_system:Skipping extension 'colcon_notification.desktop_notification.terminal_notifier': Not used on non-Darwin systems
[1.085s] INFO:colcon.colcon_core.plugin_system:Skipping extension 'colcon_notification.desktop_notification.win32': Not used on non-Windows systems
[1.085s] INFO:colcon.colcon_notification.desktop_notification:Sending desktop notification using 'notify2'
[1.086s] DEBUG:colcon.colcon_notification.desktop_notification.notify2:Failed to initialize notify2: org.freedesktop.DBus.Error.FileNotFound: Failed to connect to socket /run/user/1000/bus: No such file or directory
[1.086s] DEBUG:colcon.colcon_core.event_reactor:joined thread
[1.086s] INFO:colcon.colcon_core.shell:Creating prefix script '/home/amaan/ros2_ws2/my_bot/install/local_setup.ps1'
[1.087s] INFO:colcon.colcon_core.shell:Creating prefix util module '/home/amaan/ros2_ws2/my_bot/install/_local_setup_util_ps1.py'
[1.089s] INFO:colcon.colcon_core.shell:Creating prefix chain script '/home/amaan/ros2_ws2/my_bot/install/setup.ps1'
[1.090s] INFO:colcon.colcon_core.shell:Creating prefix script '/home/amaan/ros2_ws2/my_bot/install/local_setup.sh'
[1.092s] INFO:colcon.colcon_core.shell:Creating prefix util module '/home/amaan/ros2_ws2/my_bot/install/_local_setup_util_sh.py'
[1.093s] INFO:colcon.colcon_core.shell:Creating prefix chain script '/home/amaan/ros2_ws2/my_bot/install/setup.sh'
[1.094s] INFO:colcon.colcon_core.shell:Creating prefix script '/home/amaan/ros2_ws2/my_bot/install/local_setup.bash'
[1.095s] INFO:colcon.colcon_core.shell:Creating prefix chain script '/home/amaan/ros2_ws2/my_bot/install/setup.bash'
[1.096s] INFO:colcon.colcon_core.shell:Creating prefix script '/home/amaan/ros2_ws2/my_bot/install/local_setup.zsh'
[1.097s] INFO:colcon.colcon_core.shell:Creating prefix chain script '/home/amaan/ros2_ws2/my_bot/install/setup.zsh'
