[0.044s] Invoking command in '/home/amaan/ros2_ws2/my_bot/build/my_bot': CMAKE_PREFIX_PATH=${CMAKE_PREFIX_PATH}:/home/amaan/robot_ws/install/path_smoothing_controller:/opt/ros/humble /usr/bin/cmake --build /home/amaan/ros2_ws2/my_bot/build/my_bot -- -j12 -l12
[0.270s] Invoked command in '/home/amaan/ros2_ws2/my_bot/build/my_bot' returned '0': CMAKE_PREFIX_PATH=${CMAKE_PREFIX_PATH}:/home/amaan/robot_ws/install/path_smoothing_controller:/opt/ros/humble /usr/bin/cmake --build /home/amaan/ros2_ws2/my_bot/build/my_bot -- -j12 -l12
[0.289s] Invoking command in '/home/amaan/ros2_ws2/my_bot/build/my_bot': CMAKE_PREFIX_PATH=${CMAKE_PREFIX_PATH}:/home/amaan/robot_ws/install/path_smoothing_controller:/opt/ros/humble /usr/bin/cmake --install /home/amaan/ros2_ws2/my_bot/build/my_bot
[0.299s] -- Install configuration: ""
[0.301s] -- Execute custom install script
[0.303s] -- Up-to-date symlink: /home/amaan/ros2_ws2/my_bot/install/my_bot/share/my_bot/config/bot.rviz
[0.303s] -- Up-to-date symlink: /home/amaan/ros2_ws2/my_bot/install/my_bot/share/my_bot/config/empty.yaml
[0.304s] -- Up-to-date symlink: /home/amaan/ros2_ws2/my_bot/install/my_bot/share/my_bot/description/gazebo_control.xacro
[0.304s] -- Up-to-date symlink: /home/amaan/ros2_ws2/my_bot/install/my_bot/share/my_bot/description/inertial_macros.xacro
[0.304s] -- Up-to-date symlink: /home/amaan/ros2_ws2/my_bot/install/my_bot/share/my_bot/description/robot.urdf.xacro
[0.305s] -- Up-to-date symlink: /home/amaan/ros2_ws2/my_bot/install/my_bot/share/my_bot/description/robot_core.xacro
[0.305s] -- Up-to-date symlink: /home/amaan/ros2_ws2/my_bot/install/my_bot/share/my_bot/launch/launch_sim.launch.py
[0.305s] -- Up-to-date symlink: /home/amaan/ros2_ws2/my_bot/install/my_bot/share/my_bot/launch/rsp.launch.py
[0.306s] -- Up-to-date symlink: /home/amaan/ros2_ws2/my_bot/install/my_bot/share/my_bot/worlds/empty.world
[0.307s] -- Up-to-date symlink: /home/amaan/ros2_ws2/my_bot/install/my_bot/share/ament_index/resource_index/package_run_dependencies/my_bot
[0.308s] -- Up-to-date symlink: /home/amaan/ros2_ws2/my_bot/install/my_bot/share/ament_index/resource_index/parent_prefix_path/my_bot
[0.309s] -- Up-to-date symlink: /home/amaan/ros2_ws2/my_bot/install/my_bot/share/my_bot/environment/ament_prefix_path.sh
[0.309s] -- Up-to-date symlink: /home/amaan/ros2_ws2/my_bot/install/my_bot/share/my_bot/environment/ament_prefix_path.dsv
[0.310s] -- Up-to-date symlink: /home/amaan/ros2_ws2/my_bot/install/my_bot/share/my_bot/environment/path.sh
[0.311s] -- Up-to-date symlink: /home/amaan/ros2_ws2/my_bot/install/my_bot/share/my_bot/environment/path.dsv
[0.312s] -- Up-to-date symlink: /home/amaan/ros2_ws2/my_bot/install/my_bot/share/my_bot/local_setup.bash
[0.312s] -- Up-to-date symlink: /home/amaan/ros2_ws2/my_bot/install/my_bot/share/my_bot/local_setup.sh
[0.313s] -- Up-to-date symlink: /home/amaan/ros2_ws2/my_bot/install/my_bot/share/my_bot/local_setup.zsh
[0.314s] -- Up-to-date symlink: /home/amaan/ros2_ws2/my_bot/install/my_bot/share/my_bot/local_setup.dsv
[0.315s] -- Symlinking: /home/amaan/ros2_ws2/my_bot/install/my_bot/share/my_bot/package.dsv
[0.331s] -- Up-to-date symlink: /home/amaan/ros2_ws2/my_bot/install/my_bot/share/ament_index/resource_index/packages/my_bot
[0.332s] -- Up-to-date symlink: /home/amaan/ros2_ws2/my_bot/install/my_bot/share/my_bot/cmake/my_botConfig.cmake
[0.333s] -- Up-to-date symlink: /home/amaan/ros2_ws2/my_bot/install/my_bot/share/my_bot/cmake/my_botConfig-version.cmake
[0.333s] -- Up-to-date symlink: /home/amaan/ros2_ws2/my_bot/install/my_bot/share/my_bot/package.xml
[0.337s] Invoked command in '/home/amaan/ros2_ws2/my_bot/build/my_bot' returned '0': CMAKE_PREFIX_PATH=${CMAKE_PREFIX_PATH}:/home/amaan/robot_ws/install/path_smoothing_controller:/opt/ros/humble /usr/bin/cmake --install /home/amaan/ros2_ws2/my_bot/build/my_bot
