[0.567s] DEBUG:colcon:Command line arguments: ['/usr/bin/colcon', 'build', '--symlink-install']
[0.568s] DEBUG:colcon:Parsed command line arguments: Namespace(log_base=None, log_level=None, verb_name='build', build_base='build', install_base='install', merge_install=False, symlink_install=True, test_result_base=None, continue_on_error=False, executor='parallel', parallel_workers=12, event_handlers=None, ignore_user_meta=False, metas=['./colcon.meta'], base_paths=['.'], packages_ignore=None, packages_ignore_regex=None, paths=None, packages_up_to=None, packages_up_to_regex=None, packages_above=None, packages_above_and_dependencies=None, packages_above_depth=None, packages_select_by_dep=None, packages_skip_by_dep=None, packages_skip_up_to=None, packages_select_build_failed=False, packages_skip_build_finished=False, packages_select_test_failures=False, packages_skip_test_passed=False, packages_select=None, packages_skip=None, packages_select_regex=None, packages_skip_regex=None, packages_start=None, packages_end=None, allow_overriding=[], cmake_args=None, cmake_target=None, cmake_target_skip_unavailable=False, cmake_clean_cache=False, cmake_clean_first=False, cmake_force_configure=False, ament_cmake_args=None, catkin_cmake_args=None, catkin_skip_building_tests=False, verb_parser=<colcon_defaults.argument_parser.defaults.DefaultArgumentsDecorator object at 0x7f3769f4c760>, verb_extension=<colcon_core.verb.build.BuildVerb object at 0x7f3769f4c3a0>, main=<bound method BuildVerb.main of <colcon_core.verb.build.BuildVerb object at 0x7f3769f4c3a0>>)
[1.063s] Level 1:colcon.colcon_core.package_discovery:discover_packages(colcon_meta) check parameters
[1.063s] Level 1:colcon.colcon_core.package_discovery:discover_packages(recursive) check parameters
[1.063s] Level 1:colcon.colcon_core.package_discovery:discover_packages(ignore) check parameters
[1.063s] Level 1:colcon.colcon_core.package_discovery:discover_packages(path) check parameters
[1.063s] Level 1:colcon.colcon_core.package_discovery:discover_packages(colcon_meta) discover
[1.063s] Level 1:colcon.colcon_core.package_discovery:discover_packages(recursive) discover
[1.063s] INFO:colcon.colcon_core.package_discovery:Crawling recursively for packages in '/home/amaan/ros2_ws2/my_bot'
[1.063s] Level 1:colcon.colcon_core.package_identification:_identify(.) by extensions ['ignore', 'ignore_ament_install']
[1.064s] Level 1:colcon.colcon_core.package_identification:_identify(.) by extension 'ignore'
[1.064s] Level 1:colcon.colcon_core.package_identification:_identify(.) by extension 'ignore_ament_install'
[1.064s] Level 1:colcon.colcon_core.package_identification:_identify(.) by extensions ['colcon_pkg']
[1.064s] Level 1:colcon.colcon_core.package_identification:_identify(.) by extension 'colcon_pkg'
[1.064s] Level 1:colcon.colcon_core.package_identification:_identify(.) by extensions ['colcon_meta']
[1.064s] Level 1:colcon.colcon_core.package_identification:_identify(.) by extension 'colcon_meta'
[1.064s] Level 1:colcon.colcon_core.package_identification:_identify(.) by extensions ['ros']
[1.064s] Level 1:colcon.colcon_core.package_identification:_identify(.) by extension 'ros'
[1.120s] DEBUG:colcon.colcon_core.package_identification:Package '.' with type 'ros.ament_cmake' and name 'my_bot'
[1.120s] Level 1:colcon.colcon_core.package_discovery:discover_packages(recursive) using defaults
[1.120s] Level 1:colcon.colcon_core.package_discovery:discover_packages(ignore) discover
[1.120s] Level 1:colcon.colcon_core.package_discovery:discover_packages(ignore) using defaults
[1.120s] Level 1:colcon.colcon_core.package_discovery:discover_packages(path) discover
[1.120s] Level 1:colcon.colcon_core.package_discovery:discover_packages(path) using defaults
[1.183s] Level 1:colcon.colcon_core.package_discovery:discover_packages(prefix_path) check parameters
[1.183s] Level 1:colcon.colcon_core.package_discovery:discover_packages(prefix_path) discover
[1.188s] DEBUG:colcon.colcon_installed_package_information.package_discovery:Found 1 installed packages in /home/amaan/ros2_ws2/my_bot/install
[1.188s] DEBUG:colcon.colcon_installed_package_information.package_discovery:Found 1 installed packages in /home/amaan/robot_ws/install
[1.192s] DEBUG:colcon.colcon_installed_package_information.package_discovery:Found 438 installed packages in /opt/ros/humble
[1.237s] Level 1:colcon.colcon_core.package_discovery:discover_packages(prefix_path) using defaults
[1.314s] Level 5:colcon.colcon_core.verb:set package 'my_bot' build argument 'cmake_args' from command line to 'None'
[1.315s] Level 5:colcon.colcon_core.verb:set package 'my_bot' build argument 'cmake_target' from command line to 'None'
[1.315s] Level 5:colcon.colcon_core.verb:set package 'my_bot' build argument 'cmake_target_skip_unavailable' from command line to 'False'
[1.315s] Level 5:colcon.colcon_core.verb:set package 'my_bot' build argument 'cmake_clean_cache' from command line to 'False'
[1.315s] Level 5:colcon.colcon_core.verb:set package 'my_bot' build argument 'cmake_clean_first' from command line to 'False'
[1.315s] Level 5:colcon.colcon_core.verb:set package 'my_bot' build argument 'cmake_force_configure' from command line to 'False'
[1.315s] Level 5:colcon.colcon_core.verb:set package 'my_bot' build argument 'ament_cmake_args' from command line to 'None'
[1.315s] Level 5:colcon.colcon_core.verb:set package 'my_bot' build argument 'catkin_cmake_args' from command line to 'None'
[1.315s] Level 5:colcon.colcon_core.verb:set package 'my_bot' build argument 'catkin_skip_building_tests' from command line to 'False'
[1.315s] DEBUG:colcon.colcon_core.verb:Building package 'my_bot' with the following arguments: {'ament_cmake_args': None, 'build_base': '/home/amaan/ros2_ws2/my_bot/build/my_bot', 'catkin_cmake_args': None, 'catkin_skip_building_tests': False, 'cmake_args': None, 'cmake_clean_cache': False, 'cmake_clean_first': False, 'cmake_force_configure': False, 'cmake_target': None, 'cmake_target_skip_unavailable': False, 'install_base': '/home/amaan/ros2_ws2/my_bot/install/my_bot', 'merge_install': False, 'path': '/home/amaan/ros2_ws2/my_bot', 'symlink_install': True, 'test_result_base': None}
[1.316s] INFO:colcon.colcon_core.executor:Executing jobs using 'parallel' executor
[1.319s] DEBUG:colcon.colcon_parallel_executor.executor.parallel:run_until_complete
[1.320s] INFO:colcon.colcon_ros.task.ament_cmake.build:Building ROS package in '/home/amaan/ros2_ws2/my_bot' with build type 'ament_cmake'
[1.320s] INFO:colcon.colcon_cmake.task.cmake.build:Building CMake package in '/home/amaan/ros2_ws2/my_bot'
[1.330s] INFO:colcon.colcon_core.plugin_system:Skipping extension 'colcon_core.shell.bat': Not used on non-Windows systems
[1.331s] INFO:colcon.colcon_core.shell:Skip shell extension 'powershell' for command environment: Not usable outside of PowerShell
[1.331s] DEBUG:colcon.colcon_core.shell:Skip shell extension 'dsv' for command environment
[1.381s] DEBUG:colcon.colcon_core.event_handler.log_command:Invoking command in '/home/amaan/ros2_ws2/my_bot/build/my_bot': CMAKE_PREFIX_PATH=${CMAKE_PREFIX_PATH}:/home/amaan/robot_ws/install/path_smoothing_controller:/opt/ros/humble /usr/bin/cmake --build /home/amaan/ros2_ws2/my_bot/build/my_bot -- -j12 -l12
[1.696s] DEBUG:colcon.colcon_core.event_handler.log_command:Invoked command in '/home/amaan/ros2_ws2/my_bot/build/my_bot' returned '0': CMAKE_PREFIX_PATH=${CMAKE_PREFIX_PATH}:/home/amaan/robot_ws/install/path_smoothing_controller:/opt/ros/humble /usr/bin/cmake --build /home/amaan/ros2_ws2/my_bot/build/my_bot -- -j12 -l12
[1.716s] DEBUG:colcon.colcon_core.event_handler.log_command:Invoking command in '/home/amaan/ros2_ws2/my_bot/build/my_bot': CMAKE_PREFIX_PATH=${CMAKE_PREFIX_PATH}:/home/amaan/robot_ws/install/path_smoothing_controller:/opt/ros/humble /usr/bin/cmake --install /home/amaan/ros2_ws2/my_bot/build/my_bot
[1.827s] Level 1:colcon.colcon_core.environment:create_environment_scripts_only(my_bot)
[1.828s] DEBUG:colcon.colcon_core.event_handler.log_command:Invoked command in '/home/amaan/ros2_ws2/my_bot/build/my_bot' returned '0': CMAKE_PREFIX_PATH=${CMAKE_PREFIX_PATH}:/home/amaan/robot_ws/install/path_smoothing_controller:/opt/ros/humble /usr/bin/cmake --install /home/amaan/ros2_ws2/my_bot/build/my_bot
[1.841s] Level 1:colcon.colcon_core.environment:checking '/home/amaan/ros2_ws2/my_bot/install/my_bot' for CMake module files
[1.842s] Level 1:colcon.colcon_core.environment:checking '/home/amaan/ros2_ws2/my_bot/install/my_bot' for CMake config files
[1.842s] Level 1:colcon.colcon_core.shell:create_environment_hook('my_bot', 'cmake_prefix_path')
[1.843s] INFO:colcon.colcon_core.shell:Creating environment hook '/home/amaan/ros2_ws2/my_bot/install/my_bot/share/my_bot/hook/cmake_prefix_path.ps1'
[1.844s] INFO:colcon.colcon_core.shell:Creating environment descriptor '/home/amaan/ros2_ws2/my_bot/install/my_bot/share/my_bot/hook/cmake_prefix_path.dsv'
[1.846s] INFO:colcon.colcon_core.shell:Creating environment hook '/home/amaan/ros2_ws2/my_bot/install/my_bot/share/my_bot/hook/cmake_prefix_path.sh'
[1.848s] Level 1:colcon.colcon_core.environment:checking '/home/amaan/ros2_ws2/my_bot/install/my_bot/bin'
[1.848s] Level 1:colcon.colcon_core.environment:checking '/home/amaan/ros2_ws2/my_bot/install/my_bot/lib/pkgconfig/my_bot.pc'
[1.848s] Level 1:colcon.colcon_core.environment:checking '/home/amaan/ros2_ws2/my_bot/install/my_bot/lib/python3.10/site-packages'
[1.848s] Level 1:colcon.colcon_core.environment:checking '/home/amaan/ros2_ws2/my_bot/install/my_bot/bin'
[1.849s] INFO:colcon.colcon_core.shell:Creating package script '/home/amaan/ros2_ws2/my_bot/install/my_bot/share/my_bot/package.ps1'
[1.851s] INFO:colcon.colcon_core.shell:Creating package descriptor '/home/amaan/ros2_ws2/my_bot/install/my_bot/share/my_bot/package.dsv'
[1.853s] INFO:colcon.colcon_core.shell:Creating package script '/home/amaan/ros2_ws2/my_bot/install/my_bot/share/my_bot/package.sh'
[1.855s] INFO:colcon.colcon_core.shell:Creating package script '/home/amaan/ros2_ws2/my_bot/install/my_bot/share/my_bot/package.bash'
[1.856s] INFO:colcon.colcon_core.shell:Creating package script '/home/amaan/ros2_ws2/my_bot/install/my_bot/share/my_bot/package.zsh'
[1.857s] Level 1:colcon.colcon_core.environment:create_file_with_runtime_dependencies(/home/amaan/ros2_ws2/my_bot/install/my_bot/share/colcon-core/packages/my_bot)
[1.859s] Level 1:colcon.colcon_core.environment:create_environment_scripts_only(my_bot)
[1.860s] Level 1:colcon.colcon_core.environment:checking '/home/amaan/ros2_ws2/my_bot/install/my_bot' for CMake module files
[1.860s] Level 1:colcon.colcon_core.environment:checking '/home/amaan/ros2_ws2/my_bot/install/my_bot' for CMake config files
[1.861s] Level 1:colcon.colcon_core.shell:create_environment_hook('my_bot', 'cmake_prefix_path')
[1.862s] INFO:colcon.colcon_core.shell:Creating environment hook '/home/amaan/ros2_ws2/my_bot/install/my_bot/share/my_bot/hook/cmake_prefix_path.ps1'
[1.863s] INFO:colcon.colcon_core.shell:Creating environment descriptor '/home/amaan/ros2_ws2/my_bot/install/my_bot/share/my_bot/hook/cmake_prefix_path.dsv'
[1.863s] INFO:colcon.colcon_core.shell:Creating environment hook '/home/amaan/ros2_ws2/my_bot/install/my_bot/share/my_bot/hook/cmake_prefix_path.sh'
[1.864s] Level 1:colcon.colcon_core.environment:checking '/home/amaan/ros2_ws2/my_bot/install/my_bot/bin'
[1.864s] Level 1:colcon.colcon_core.environment:checking '/home/amaan/ros2_ws2/my_bot/install/my_bot/lib/pkgconfig/my_bot.pc'
[1.864s] Level 1:colcon.colcon_core.environment:checking '/home/amaan/ros2_ws2/my_bot/install/my_bot/lib/python3.10/site-packages'
[1.865s] Level 1:colcon.colcon_core.environment:checking '/home/amaan/ros2_ws2/my_bot/install/my_bot/bin'
[1.865s] INFO:colcon.colcon_core.shell:Creating package script '/home/amaan/ros2_ws2/my_bot/install/my_bot/share/my_bot/package.ps1'
[1.866s] INFO:colcon.colcon_core.shell:Creating package descriptor '/home/amaan/ros2_ws2/my_bot/install/my_bot/share/my_bot/package.dsv'
[1.866s] INFO:colcon.colcon_core.shell:Creating package script '/home/amaan/ros2_ws2/my_bot/install/my_bot/share/my_bot/package.sh'
[1.867s] INFO:colcon.colcon_core.shell:Creating package script '/home/amaan/ros2_ws2/my_bot/install/my_bot/share/my_bot/package.bash'
[1.868s] INFO:colcon.colcon_core.shell:Creating package script '/home/amaan/ros2_ws2/my_bot/install/my_bot/share/my_bot/package.zsh'
[1.869s] Level 1:colcon.colcon_core.environment:create_file_with_runtime_dependencies(/home/amaan/ros2_ws2/my_bot/install/my_bot/share/colcon-core/packages/my_bot)
[1.869s] DEBUG:colcon.colcon_parallel_executor.executor.parallel:closing loop
[1.870s] DEBUG:colcon.colcon_parallel_executor.executor.parallel:loop closed
[1.870s] DEBUG:colcon.colcon_parallel_executor.executor.parallel:run_until_complete finished with '0'
[1.871s] DEBUG:colcon.colcon_core.event_reactor:joining thread
[2.073s] INFO:colcon.colcon_core.plugin_system:Skipping extension 'colcon_notification.desktop_notification.notify_send': Could not find 'notify-send'
[2.074s] INFO:colcon.colcon_core.plugin_system:Skipping extension 'colcon_notification.desktop_notification.terminal_notifier': Not used on non-Darwin systems
[2.074s] INFO:colcon.colcon_core.plugin_system:Skipping extension 'colcon_notification.desktop_notification.win32': Not used on non-Windows systems
[2.074s] INFO:colcon.colcon_notification.desktop_notification:Sending desktop notification using 'notify2'
[2.076s] DEBUG:colcon.colcon_notification.desktop_notification.notify2:Failed to initialize notify2: org.freedesktop.DBus.Error.FileNotFound: Failed to connect to socket /run/user/1000/bus: No such file or directory
[2.077s] DEBUG:colcon.colcon_core.event_reactor:joined thread
[2.077s] INFO:colcon.colcon_core.shell:Creating prefix script '/home/amaan/ros2_ws2/my_bot/install/local_setup.ps1'
[2.082s] INFO:colcon.colcon_core.shell:Creating prefix util module '/home/amaan/ros2_ws2/my_bot/install/_local_setup_util_ps1.py'
[2.085s] INFO:colcon.colcon_core.shell:Creating prefix chain script '/home/amaan/ros2_ws2/my_bot/install/setup.ps1'
[2.086s] INFO:colcon.colcon_core.shell:Creating prefix script '/home/amaan/ros2_ws2/my_bot/install/local_setup.sh'
[2.088s] INFO:colcon.colcon_core.shell:Creating prefix util module '/home/amaan/ros2_ws2/my_bot/install/_local_setup_util_sh.py'
[2.090s] INFO:colcon.colcon_core.shell:Creating prefix chain script '/home/amaan/ros2_ws2/my_bot/install/setup.sh'
[2.093s] INFO:colcon.colcon_core.shell:Creating prefix script '/home/amaan/ros2_ws2/my_bot/install/local_setup.bash'
[2.094s] INFO:colcon.colcon_core.shell:Creating prefix chain script '/home/amaan/ros2_ws2/my_bot/install/setup.bash'
[2.096s] INFO:colcon.colcon_core.shell:Creating prefix script '/home/amaan/ros2_ws2/my_bot/install/local_setup.zsh'
[2.097s] INFO:colcon.colcon_core.shell:Creating prefix chain script '/home/amaan/ros2_ws2/my_bot/install/setup.zsh'
